[ 2026-02-28 13:16:41,640 ] 22 root - INFO - Reading the data
[ 2026-02-28 13:16:41,675 ] 25 root - INFO - Starting train test split
[ 2026-02-28 13:16:41,724 ] 30 root - INFO - Split and ingestion is completed
[ 2026-02-28 13:16:41,725 ] 27 root - INFO - Reading training and testing data
[ 2026-02-28 13:16:41,808 ] 37 root - INFO - Removed unnecessary columns
[ 2026-02-28 13:16:41,815 ] 55 root - INFO - Data cleaning completed
[ 2026-02-28 13:16:41,817 ] 67 root - INFO - Label encoding completed
[ 2026-02-28 13:16:44,278 ] 83 root - INFO - TF-IDF transformation completed
[ 2026-02-28 13:16:44,402 ] 94 root - INFO - Transformation artifacts saved
[ 2026-02-28 13:16:44,430 ] 30 root - INFO - Model training pipeline started
[ 2026-02-28 13:16:44,431 ] 44 root - INFO - Feature-target splitting completed
[ 2026-02-28 13:16:44,431 ] 84 root - INFO - Training model for Ticket Type
[ 2026-02-28 13:16:44,431 ] 55 root - INFO - Tuning hyperparameters for Logistic Regression
[ 2026-02-28 13:17:30,555 ] 80 root - INFO - Logistic Regression accuracy: 0.20484061393152303
[ 2026-02-28 13:17:30,557 ] 81 root - INFO - Logistic Regression best params: {'C': 0.01}
[ 2026-02-28 13:17:30,557 ] 55 root - INFO - Tuning hyperparameters for Random Forest
[ 2026-02-28 13:20:00,710 ] 80 root - INFO - Random Forest accuracy: 0.20070838252656434
[ 2026-02-28 13:20:00,711 ] 81 root - INFO - Random Forest best params: {'max_depth': 10, 'n_estimators': 100}
[ 2026-02-28 13:20:00,711 ] 55 root - INFO - Tuning hyperparameters for Linear SVC
[ 2026-02-28 13:20:07,254 ] 80 root - INFO - Linear SVC accuracy: 0.19952774498229045
[ 2026-02-28 13:20:07,254 ] 81 root - INFO - Linear SVC best params: {'C': 1}
[ 2026-02-28 13:20:07,255 ] 55 root - INFO - Tuning hyperparameters for KNN
[ 2026-02-28 13:20:19,359 ] 80 root - INFO - KNN accuracy: 0.19716646989374262
[ 2026-02-28 13:20:19,359 ] 81 root - INFO - KNN best params: {'n_neighbors': 7}
[ 2026-02-28 13:20:19,371 ] 95 root - INFO - Best Ticket Type Model: Logistic Regression
[ 2026-02-28 13:20:19,371 ] 101 root - INFO - Training model for Ticket Priority
[ 2026-02-28 13:20:19,371 ] 55 root - INFO - Tuning hyperparameters for Logistic Regression
[ 2026-02-28 13:21:12,385 ] 80 root - INFO - Logistic Regression accuracy: 0.23671782762691854
[ 2026-02-28 13:21:12,385 ] 81 root - INFO - Logistic Regression best params: {'C': 10}
[ 2026-02-28 13:21:12,385 ] 55 root - INFO - Tuning hyperparameters for Random Forest
[ 2026-02-28 13:23:38,085 ] 80 root - INFO - Random Forest accuracy: 0.2473435655253837
[ 2026-02-28 13:23:38,085 ] 81 root - INFO - Random Forest best params: {'max_depth': 20, 'n_estimators': 100}
[ 2026-02-28 13:23:38,085 ] 55 root - INFO - Tuning hyperparameters for Linear SVC
[ 2026-02-28 13:23:44,090 ] 80 root - INFO - Linear SVC accuracy: 0.2255017709563164
[ 2026-02-28 13:23:44,090 ] 81 root - INFO - Linear SVC best params: {'C': 0.1}
[ 2026-02-28 13:23:44,090 ] 55 root - INFO - Tuning hyperparameters for KNN
[ 2026-02-28 13:23:54,173 ] 80 root - INFO - KNN accuracy: 0.22727272727272727
[ 2026-02-28 13:23:54,174 ] 81 root - INFO - KNN best params: {'n_neighbors': 3}
[ 2026-02-28 13:23:54,187 ] 112 root - INFO - Best Ticket Priority Model: Random Forest
[ 2026-02-28 13:23:54,225 ] 128 root - INFO - Best models saved successfully
